21:00:35 INFO  : Launching XSDB server: xsdb.bat -interactive C:\Users\bing\temp\vivado_test\qemu\project_pid\project_pid.sdk\temp_xsdb_launch_script.tcl
21:00:37 INFO  : XSDB server has started successfully.
21:00:39 INFO  : Processing command line option -hwspec C:/Users/bing/temp/vivado_test/qemu/project_pid/project_pid.sdk/design_1_wrapper.hdf.
21:05:29 INFO  : Connected to target on host '127.0.0.1' and port '3121'.
21:05:30 INFO  : 'targets -set -filter {jtag_cable_name =~ "Xilinx PYNQ-Z1 003017A6DB98A" && level==0} -index 1' command is executed.
21:05:33 INFO  : FPGA configured successfully with bitstream "C:/Users/bing/temp/vivado_test/qemu/project_pid/project_pid.sdk/design_1_wrapper_hw_platform_0/design_1_wrapper.bit"
21:05:51 INFO  : ps7_init is completed.
21:05:51 INFO  : ps7_post_config is completed.
21:05:51 INFO  : Processor reset is completed for ps7_cortexa9_0
21:06:48 ERROR : Unexpected error while parsing XMD response ?: com.google.gson.JsonSyntaxException: com.google.gson.stream.MalformedJsonException: invalid number or unquoted string near 
21:07:46 INFO  : Launching XSDB server: xsdb.bat -interactive C:\Users\bing\temp\vivado_test\qemu\project_pid\project_pid.sdk\temp_xsdb_launch_script.tcl
21:07:48 INFO  : XSDB server has started successfully.
21:08:00 INFO  : Connected to target on host '127.0.0.1' and port '3121'.
21:08:02 INFO  : 'targets -set -filter {jtag_cable_name =~ "Xilinx PYNQ-Z1 003017A6DB98A" && level==0} -index 1' command is executed.
21:08:04 INFO  : FPGA configured successfully with bitstream "C:/Users/bing/temp/vivado_test/qemu/project_pid/project_pid.sdk/design_1_wrapper_hw_platform_0/design_1_wrapper.bit"
21:08:23 INFO  : ps7_init is completed.
21:08:23 INFO  : ps7_post_config is completed.
21:08:23 INFO  : Processor reset is completed for ps7_cortexa9_0
21:26:33 INFO  : Connected to target on host '127.0.0.1' and port '3121'.
21:26:33 INFO  : 'targets -set -filter {jtag_cable_name =~ "Xilinx PYNQ-Z1 003017A6DB98A" && level==0} -index 1' command is executed.
21:26:36 INFO  : FPGA configured successfully with bitstream "C:/Users/bing/temp/vivado_test/qemu/project_pid/project_pid.sdk/design_1_wrapper_hw_platform_0/design_1_wrapper.bit"
21:26:48 INFO  : ps7_init is completed.
21:26:48 INFO  : ps7_post_config is completed.
21:26:49 INFO  : Processor reset is completed for ps7_cortexa9_0
21:36:06 INFO  : Connected to target on host '127.0.0.1' and port '3121'.
21:36:06 INFO  : 'targets -set -filter {jtag_cable_name =~ "Xilinx PYNQ-Z1 003017A6DB98A" && level==0} -index 1' command is executed.
21:36:09 INFO  : FPGA configured successfully with bitstream "C:/Users/bing/temp/vivado_test/qemu/project_pid/project_pid.sdk/design_1_wrapper_hw_platform_0/design_1_wrapper.bit"
21:36:26 INFO  : ps7_init is completed.
21:36:27 INFO  : ps7_post_config is completed.
21:36:27 INFO  : Processor reset is completed for ps7_cortexa9_0
21:37:43 INFO  : Connected to target on host '127.0.0.1' and port '3121'.
21:37:43 INFO  : 'targets -set -filter {jtag_cable_name =~ "Xilinx PYNQ-Z1 003017A6DB98A" && level==0} -index 1' command is executed.
21:37:46 INFO  : FPGA configured successfully with bitstream "C:/Users/bing/temp/vivado_test/qemu/project_pid/project_pid.sdk/design_1_wrapper_hw_platform_0/design_1_wrapper.bit"
21:37:58 INFO  : ps7_init is completed.
21:37:58 INFO  : ps7_post_config is completed.
21:37:58 INFO  : Processor reset is completed for ps7_cortexa9_0
21:47:03 INFO  : Connected to target on host '127.0.0.1' and port '3121'.
21:47:03 INFO  : 'targets -set -filter {jtag_cable_name =~ "Xilinx PYNQ-Z1 003017A6DB98A" && level==0} -index 1' command is executed.
21:47:06 INFO  : FPGA configured successfully with bitstream "C:/Users/bing/temp/vivado_test/qemu/project_pid/project_pid.sdk/design_1_wrapper_hw_platform_0/design_1_wrapper.bit"
21:47:22 INFO  : ps7_init is completed.
21:47:22 INFO  : ps7_post_config is completed.
21:47:22 INFO  : Processor reset is completed for ps7_cortexa9_0
21:49:40 ERROR : Unexpected error while parsing XMD response ?: com.google.gson.JsonSyntaxException: com.google.gson.stream.MalformedJsonException: invalid number or unquoted string near 
16:14:37 INFO  : Launching XSDB server: xsdb.bat -interactive C:\Users\bing\temp\vivado_test\qemu\project_pid\project_pid.sdk\temp_xsdb_launch_script.tcl
16:14:39 INFO  : XSDB server has started successfully.
16:16:33 INFO  : Connected to target on host '127.0.0.1' and port '3121'.
16:16:33 INFO  : 'targets -set -filter {jtag_cable_name =~ "Xilinx PYNQ-Z1 003017A6DB98A" && level==0} -index 1' command is executed.
16:16:35 INFO  : FPGA configured successfully with bitstream "C:/Users/bing/temp/vivado_test/qemu/project_pid/project_pid.sdk/design_1_wrapper_hw_platform_0/design_1_wrapper.bit"
16:16:46 WARN  : Unable to obtain port 2350 for use by XMD, java.net.SocketException: Unrecognized Windows Sockets error: 0: JVM_Bind
16:16:51 INFO  : ps7_init is completed.
16:16:51 INFO  : ps7_post_config is completed.
16:16:51 INFO  : Processor reset is completed for ps7_cortexa9_0
16:20:09 ERROR : Unexpected error while parsing XMD response ?: com.google.gson.JsonSyntaxException: com.google.gson.stream.MalformedJsonException: invalid number or unquoted string near 
08:39:04 INFO  : Launching XSDB server: xsdb.bat -interactive C:\Users\bing\temp\vivado_test\qemu\project_pid\project_pid.sdk\temp_xsdb_launch_script.tcl
08:39:06 INFO  : XSDB server has started successfully.
08:39:07 INFO  : Processing command line option -hwspec C:/Users/bing/temp/vivado_test/qemu/project_pid/project_pid.sdk/design_1_wrapper.hdf.
08:39:07 INFO  : Checking for hwspec changes in the project design_1_wrapper_hw_platform_0.
08:48:11 INFO  : Launching XSDB server: xsdb.bat -interactive C:\Users\bing\temp\vivado_test\qemu\project_pid\project_pid.sdk\temp_xsdb_launch_script.tcl
08:48:13 INFO  : XSDB server has started successfully.
08:49:40 INFO  : Connected to target on host '127.0.0.1' and port '3121'.
08:49:41 INFO  : 'targets -set -filter {jtag_cable_name =~ "Xilinx PYNQ-Z1 003017A6DB98A" && level==0} -index 1' command is executed.
08:49:44 INFO  : FPGA configured successfully with bitstream "C:/Users/bing/temp/vivado_test/qemu/project_pid/project_pid.sdk/design_1_wrapper_hw_platform_0/design_1_wrapper.bit"
08:52:45 INFO  : ps7_init is completed.
08:52:45 INFO  : ps7_post_config is completed.
08:52:45 INFO  : Processor reset is completed for ps7_cortexa9_0
08:55:44 INFO  : Connected to target on host '127.0.0.1' and port '3121'.
08:55:54 INFO  : Connected to target on host '127.0.0.1' and port '3121'.
08:55:54 INFO  : 'targets -set -filter {jtag_cable_name =~ "Xilinx PYNQ-Z1 003017A6DB98A" && level==0} -index 1' command is executed.
08:55:57 INFO  : FPGA configured successfully with bitstream "C:/Users/bing/temp/vivado_test/qemu/project_pid/project_pid.sdk/design_1_wrapper_hw_platform_0/design_1_wrapper.bit"
08:56:08 INFO  : ps7_init is completed.
08:56:09 INFO  : ps7_post_config is completed.
08:56:09 INFO  : Processor reset is completed for ps7_cortexa9_0
08:59:28 INFO  : Connected to target on host '127.0.0.1' and port '3121'.
08:59:28 INFO  : 'targets -set -filter {jtag_cable_name =~ "Xilinx PYNQ-Z1 003017A6DB98A" && level==0} -index 1' command is executed.
08:59:31 INFO  : FPGA configured successfully with bitstream "C:/Users/bing/temp/vivado_test/qemu/project_pid/project_pid.sdk/design_1_wrapper_hw_platform_0/design_1_wrapper.bit"
08:59:42 INFO  : ps7_init is completed.
08:59:42 INFO  : ps7_post_config is completed.
08:59:43 INFO  : Processor reset is completed for ps7_cortexa9_0
09:04:45 INFO  : Connected to target on host '127.0.0.1' and port '3121'.
09:04:46 INFO  : 'targets -set -filter {jtag_cable_name =~ "Xilinx PYNQ-Z1 003017A6DB98A" && level==0} -index 1' command is executed.
09:04:49 INFO  : FPGA configured successfully with bitstream "C:/Users/bing/temp/vivado_test/qemu/project_pid/project_pid.sdk/design_1_wrapper_hw_platform_0/design_1_wrapper.bit"
09:04:58 INFO  : ps7_init is completed.
09:04:58 INFO  : ps7_post_config is completed.
09:04:58 INFO  : Processor reset is completed for ps7_cortexa9_0
09:05:19 ERROR : Unexpected error while parsing XMD response ?: com.google.gson.JsonSyntaxException: com.google.gson.stream.MalformedJsonException: invalid number or unquoted string near 
09:05:34 INFO  : Launching XSDB server: xsdb.bat -interactive C:\Users\bing\temp\vivado_test\qemu\project_pid\project_pid.sdk\temp_xsdb_launch_script.tcl
09:05:36 INFO  : XSDB server has started successfully.
09:06:16 INFO  : Connected to target on host '127.0.0.1' and port '3121'.
09:06:18 INFO  : 'targets -set -filter {jtag_cable_name =~ "Xilinx PYNQ-Z1 003017A6DB98A" && level==0} -index 1' command is executed.
09:06:20 INFO  : FPGA configured successfully with bitstream "C:/Users/bing/temp/vivado_test/qemu/project_pid/project_pid.sdk/design_1_wrapper_hw_platform_0/design_1_wrapper.bit"
09:06:36 INFO  : ps7_init is completed.
09:06:36 INFO  : ps7_post_config is completed.
09:06:36 INFO  : Processor reset is completed for ps7_cortexa9_0
09:08:28 INFO  : Connected to target on host '127.0.0.1' and port '3121'.
09:08:29 INFO  : 'targets -set -filter {jtag_cable_name =~ "Xilinx PYNQ-Z1 003017A6DB98A" && level==0} -index 1' command is executed.
09:08:32 INFO  : FPGA configured successfully with bitstream "C:/Users/bing/temp/vivado_test/qemu/project_pid/project_pid.sdk/design_1_wrapper_hw_platform_0/design_1_wrapper.bit"
09:08:43 INFO  : ps7_init is completed.
09:08:43 INFO  : ps7_post_config is completed.
09:08:43 INFO  : Processor reset is completed for ps7_cortexa9_0
09:19:03 ERROR : Unexpected error while parsing XMD response ?: com.google.gson.JsonSyntaxException: com.google.gson.stream.MalformedJsonException: invalid number or unquoted string near 
09:19:27 INFO  : Launching XSDB server: xsdb.bat -interactive C:\Users\bing\temp\vivado_test\qemu\project_pid\project_pid.sdk\temp_xsdb_launch_script.tcl
09:19:29 INFO  : XSDB server has started successfully.
09:20:42 INFO  : Connected to target on host '127.0.0.1' and port '3121'.
09:20:43 INFO  : 'targets -set -filter {jtag_cable_name =~ "Xilinx PYNQ-Z1 003017A6DB98A" && level==0} -index 1' command is executed.
09:20:46 INFO  : FPGA configured successfully with bitstream "C:/Users/bing/temp/vivado_test/qemu/project_pid/project_pid.sdk/design_1_wrapper_hw_platform_0/design_1_wrapper.bit"
09:21:03 INFO  : ps7_init is completed.
09:21:04 INFO  : ps7_post_config is completed.
09:21:04 INFO  : Processor reset is completed for ps7_cortexa9_0
09:23:51 INFO  : Connected to target on host '127.0.0.1' and port '3121'.
09:23:51 INFO  : 'targets -set -filter {jtag_cable_name =~ "Xilinx PYNQ-Z1 003017A6DB98A" && level==0} -index 1' command is executed.
09:23:54 INFO  : FPGA configured successfully with bitstream "C:/Users/bing/temp/vivado_test/qemu/project_pid/project_pid.sdk/design_1_wrapper_hw_platform_0/design_1_wrapper.bit"
09:24:05 INFO  : ps7_init is completed.
09:24:05 INFO  : ps7_post_config is completed.
09:24:05 INFO  : Processor reset is completed for ps7_cortexa9_0
09:25:11 INFO  : Connected to target on host '127.0.0.1' and port '3121'.
09:25:12 INFO  : 'targets -set -filter {jtag_cable_name =~ "Xilinx PYNQ-Z1 003017A6DB98A" && level==0} -index 1' command is executed.
09:25:14 INFO  : FPGA configured successfully with bitstream "C:/Users/bing/temp/vivado_test/qemu/project_pid/project_pid.sdk/design_1_wrapper_hw_platform_0/design_1_wrapper.bit"
09:25:25 INFO  : ps7_init is completed.
09:25:25 INFO  : ps7_post_config is completed.
09:25:25 INFO  : Processor reset is completed for ps7_cortexa9_0
09:37:50 INFO  : Connected to target on host '127.0.0.1' and port '3121'.
09:37:50 INFO  : 'targets -set -filter {jtag_cable_name =~ "Xilinx PYNQ-Z1 003017A6DB98A" && level==0} -index 1' command is executed.
09:37:53 INFO  : FPGA configured successfully with bitstream "C:/Users/bing/temp/vivado_test/qemu/project_pid/project_pid.sdk/design_1_wrapper_hw_platform_0/design_1_wrapper.bit"
09:38:16 INFO  : ps7_init is completed.
09:38:17 INFO  : ps7_post_config is completed.
09:38:17 INFO  : Processor reset is completed for ps7_cortexa9_0
09:50:22 INFO  : Connected to target on host '127.0.0.1' and port '3121'.
09:50:22 INFO  : 'targets -set -filter {jtag_cable_name =~ "Xilinx PYNQ-Z1 003017A6DB98A" && level==0} -index 1' command is executed.
09:50:25 INFO  : FPGA configured successfully with bitstream "C:/Users/bing/temp/vivado_test/qemu/project_pid/project_pid.sdk/design_1_wrapper_hw_platform_0/design_1_wrapper.bit"
09:50:38 INFO  : ps7_init is completed.
09:50:38 INFO  : ps7_post_config is completed.
09:50:38 INFO  : Processor reset is completed for ps7_cortexa9_0
09:51:38 INFO  : Connected to target on host '127.0.0.1' and port '3121'.
09:51:39 INFO  : 'targets -set -filter {jtag_cable_name =~ "Xilinx PYNQ-Z1 003017A6DB98A" && level==0} -index 1' command is executed.
09:51:41 INFO  : FPGA configured successfully with bitstream "C:/Users/bing/temp/vivado_test/qemu/project_pid/project_pid.sdk/design_1_wrapper_hw_platform_0/design_1_wrapper.bit"
09:51:53 INFO  : ps7_init is completed.
09:51:53 INFO  : ps7_post_config is completed.
09:51:53 INFO  : Processor reset is completed for ps7_cortexa9_0
09:53:31 INFO  : Connected to target on host '127.0.0.1' and port '3121'.
09:53:31 INFO  : 'targets -set -filter {jtag_cable_name =~ "Xilinx PYNQ-Z1 003017A6DB98A" && level==0} -index 1' command is executed.
09:53:34 INFO  : FPGA configured successfully with bitstream "C:/Users/bing/temp/vivado_test/qemu/project_pid/project_pid.sdk/design_1_wrapper_hw_platform_0/design_1_wrapper.bit"
09:54:04 INFO  : Launching XSDB server: xsdb.bat -interactive C:\Users\bing\temp\vivado_test\qemu\project_pid\project_pid.sdk\temp_xsdb_launch_script.tcl
09:54:06 INFO  : XSDB server has started successfully.
09:54:32 INFO  : ps7_init is completed.
09:54:32 INFO  : ps7_post_config is completed.
09:54:32 INFO  : Processor reset is completed for ps7_cortexa9_0
10:05:13 INFO  : Connected to target on host '127.0.0.1' and port '3121'.
10:05:14 INFO  : 'targets -set -filter {jtag_cable_name =~ "Xilinx PYNQ-Z1 003017A6DB98A" && level==0} -index 1' command is executed.
10:05:16 INFO  : FPGA configured successfully with bitstream "C:/Users/bing/temp/vivado_test/qemu/project_pid/project_pid.sdk/design_1_wrapper_hw_platform_0/design_1_wrapper.bit"
10:05:26 INFO  : ps7_init is completed.
10:05:26 INFO  : ps7_post_config is completed.
10:05:26 INFO  : Processor reset is completed for ps7_cortexa9_0
10:06:49 INFO  : Connected to target on host '127.0.0.1' and port '3121'.
10:06:49 INFO  : 'targets -set -filter {jtag_cable_name =~ "Xilinx PYNQ-Z1 003017A6DB98A" && level==0} -index 1' command is executed.
10:06:52 INFO  : FPGA configured successfully with bitstream "C:/Users/bing/temp/vivado_test/qemu/project_pid/project_pid.sdk/design_1_wrapper_hw_platform_0/design_1_wrapper.bit"
10:07:01 INFO  : ps7_init is completed.
10:07:01 INFO  : ps7_post_config is completed.
10:07:01 INFO  : Processor reset is completed for ps7_cortexa9_0
10:09:53 INFO  : Connected to target on host '127.0.0.1' and port '3121'.
10:09:54 INFO  : 'targets -set -filter {jtag_cable_name =~ "Xilinx PYNQ-Z1 003017A6DB98A" && level==0} -index 1' command is executed.
10:09:57 INFO  : FPGA configured successfully with bitstream "C:/Users/bing/temp/vivado_test/qemu/project_pid/project_pid.sdk/design_1_wrapper_hw_platform_0/design_1_wrapper.bit"
10:10:07 INFO  : ps7_init is completed.
10:10:07 INFO  : ps7_post_config is completed.
10:10:07 INFO  : Processor reset is completed for ps7_cortexa9_0
10:12:50 ERROR : Unexpected error while parsing XMD response ?: com.google.gson.JsonSyntaxException: com.google.gson.stream.MalformedJsonException: invalid number or unquoted string near 
10:13:06 INFO  : Launching XSDB server: xsdb.bat -interactive C:\Users\bing\temp\vivado_test\qemu\project_pid\project_pid.sdk\temp_xsdb_launch_script.tcl
10:13:08 INFO  : XSDB server has started successfully.
10:16:43 INFO  : Connected to target on host '127.0.0.1' and port '3121'.
10:16:44 INFO  : 'targets -set -filter {jtag_cable_name =~ "Xilinx PYNQ-Z1 003017A6DB98A" && level==0} -index 1' command is executed.
10:16:47 INFO  : FPGA configured successfully with bitstream "C:/Users/bing/temp/vivado_test/qemu/project_pid/project_pid.sdk/design_1_wrapper_hw_platform_0/design_1_wrapper.bit"
10:17:01 INFO  : ps7_init is completed.
10:17:02 INFO  : ps7_post_config is completed.
10:17:02 INFO  : Processor reset is completed for ps7_cortexa9_0
10:18:51 INFO  : Connected to target on host '127.0.0.1' and port '3121'.
10:18:51 INFO  : 'targets -set -filter {jtag_cable_name =~ "Xilinx PYNQ-Z1 003017A6DB98A" && level==0} -index 1' command is executed.
10:18:54 INFO  : FPGA configured successfully with bitstream "C:/Users/bing/temp/vivado_test/qemu/project_pid/project_pid.sdk/design_1_wrapper_hw_platform_0/design_1_wrapper.bit"
10:19:05 INFO  : ps7_init is completed.
10:19:05 INFO  : ps7_post_config is completed.
10:19:05 INFO  : Processor reset is completed for ps7_cortexa9_0
10:21:02 INFO  : Connected to target on host '127.0.0.1' and port '3121'.
10:21:12 INFO  : Connected to target on host '127.0.0.1' and port '3121'.
10:21:12 INFO  : 'targets -set -filter {jtag_cable_name =~ "Xilinx PYNQ-Z1 003017A6DB98A" && level==0} -index 1' command is executed.
10:21:15 INFO  : FPGA configured successfully with bitstream "C:/Users/bing/temp/vivado_test/qemu/project_pid/project_pid.sdk/design_1_wrapper_hw_platform_0/design_1_wrapper.bit"
10:21:27 INFO  : ps7_init is completed.
10:21:27 INFO  : ps7_post_config is completed.
10:21:28 INFO  : Processor reset is completed for ps7_cortexa9_0
10:22:22 ERROR : Unexpected error while parsing XMD response ?: com.google.gson.JsonSyntaxException: com.google.gson.stream.MalformedJsonException: invalid number or unquoted string near 
10:25:44 INFO  : Launching XSDB server: xsdb.bat -interactive C:\Users\bing\temp\vivado_test\qemu\project_pid\project_pid.sdk\temp_xsdb_launch_script.tcl
10:25:46 INFO  : XSDB server has started successfully.
10:25:52 INFO  : Connected to target on host '127.0.0.1' and port '3121'.
10:26:12 INFO  : Connected to target on host '127.0.0.1' and port '3121'.
10:26:12 INFO  : 'targets -set -filter {jtag_cable_name =~ "Xilinx PYNQ-Z1 003017A6DB98A" && level==0} -index 1' command is executed.
10:26:15 INFO  : FPGA configured successfully with bitstream "C:/Users/bing/temp/vivado_test/qemu/project_pid/project_pid.sdk/design_1_wrapper_hw_platform_0/design_1_wrapper.bit"
10:26:33 INFO  : ps7_init is completed.
10:26:33 INFO  : ps7_post_config is completed.
10:26:33 INFO  : Processor reset is completed for ps7_cortexa9_0
10:27:49 INFO  : Connected to target on host '127.0.0.1' and port '3121'.
10:27:50 INFO  : 'targets -set -filter {jtag_cable_name =~ "Xilinx PYNQ-Z1 003017A6DB98A" && level==0} -index 1' command is executed.
10:27:53 INFO  : FPGA configured successfully with bitstream "C:/Users/bing/temp/vivado_test/qemu/project_pid/project_pid.sdk/design_1_wrapper_hw_platform_0/design_1_wrapper.bit"
10:28:04 INFO  : ps7_init is completed.
10:28:04 INFO  : ps7_post_config is completed.
10:28:04 INFO  : Processor reset is completed for ps7_cortexa9_0
10:35:40 ERROR : Unexpected error while parsing XMD response ?: com.google.gson.JsonSyntaxException: com.google.gson.stream.MalformedJsonException: invalid number or unquoted string near 
10:37:20 INFO  : Launching XSDB server: xsdb.bat -interactive C:\Users\bing\temp\vivado_test\qemu\project_pid\project_pid.sdk\temp_xsdb_launch_script.tcl
10:37:22 INFO  : XSDB server has started successfully.
11:00:37 INFO  : Connected to target on host '127.0.0.1' and port '3121'.
11:00:38 INFO  : 'targets -set -filter {jtag_cable_name =~ "Xilinx PYNQ-Z1 003017A6DB98A" && level==0} -index 1' command is executed.
11:00:41 INFO  : FPGA configured successfully with bitstream "C:/Users/bing/temp/vivado_test/qemu/project_pid/project_pid.sdk/design_1_wrapper_hw_platform_0/design_1_wrapper.bit"
11:01:00 INFO  : ps7_init is completed.
11:01:01 INFO  : ps7_post_config is completed.
11:01:01 INFO  : Processor reset is completed for ps7_cortexa9_0
11:04:55 INFO  : Connected to target on host '127.0.0.1' and port '3121'.
11:04:56 INFO  : 'targets -set -filter {jtag_cable_name =~ "Xilinx PYNQ-Z1 003017A6DB98A" && level==0} -index 1' command is executed.
11:04:58 INFO  : FPGA configured successfully with bitstream "C:/Users/bing/temp/vivado_test/qemu/project_pid/project_pid.sdk/design_1_wrapper_hw_platform_0/design_1_wrapper.bit"
11:05:10 INFO  : ps7_init is completed.
11:05:10 INFO  : ps7_post_config is completed.
11:05:10 INFO  : Processor reset is completed for ps7_cortexa9_0
11:07:58 INFO  : Connected to target on host '127.0.0.1' and port '3121'.
11:07:59 INFO  : 'targets -set -filter {jtag_cable_name =~ "Xilinx PYNQ-Z1 003017A6DB98A" && level==0} -index 1' command is executed.
11:08:01 INFO  : FPGA configured successfully with bitstream "C:/Users/bing/temp/vivado_test/qemu/project_pid/project_pid.sdk/design_1_wrapper_hw_platform_0/design_1_wrapper.bit"
11:08:14 INFO  : ps7_init is completed.
11:08:14 INFO  : ps7_post_config is completed.
11:08:14 INFO  : Processor reset is completed for ps7_cortexa9_0
11:09:07 INFO  : Connected to target on host '127.0.0.1' and port '3121'.
11:09:07 INFO  : 'targets -set -filter {jtag_cable_name =~ "Xilinx PYNQ-Z1 003017A6DB98A" && level==0} -index 1' command is executed.
11:09:10 INFO  : FPGA configured successfully with bitstream "C:/Users/bing/temp/vivado_test/qemu/project_pid/project_pid.sdk/design_1_wrapper_hw_platform_0/design_1_wrapper.bit"
11:09:21 INFO  : ps7_init is completed.
11:09:21 INFO  : ps7_post_config is completed.
11:09:21 INFO  : Processor reset is completed for ps7_cortexa9_0
11:10:51 INFO  : Connected to target on host '127.0.0.1' and port '3121'.
11:10:51 INFO  : 'targets -set -filter {jtag_cable_name =~ "Xilinx PYNQ-Z1 003017A6DB98A" && level==0} -index 1' command is executed.
11:10:54 INFO  : FPGA configured successfully with bitstream "C:/Users/bing/temp/vivado_test/qemu/project_pid/project_pid.sdk/design_1_wrapper_hw_platform_0/design_1_wrapper.bit"
11:11:04 INFO  : ps7_init is completed.
11:11:04 INFO  : ps7_post_config is completed.
11:11:05 INFO  : Processor reset is completed for ps7_cortexa9_0
11:12:04 ERROR : Unexpected error while parsing XMD response ?: com.google.gson.JsonSyntaxException: com.google.gson.stream.MalformedJsonException: invalid number or unquoted string near 
11:12:18 INFO  : Launching XSDB server: xsdb.bat -interactive C:\Users\bing\temp\vivado_test\qemu\project_pid\project_pid.sdk\temp_xsdb_launch_script.tcl
11:12:20 INFO  : XSDB server has started successfully.
11:22:05 INFO  : Connected to target on host '127.0.0.1' and port '3121'.
11:22:07 INFO  : 'targets -set -filter {jtag_cable_name =~ "Xilinx PYNQ-Z1 003017A6DB98A" && level==0} -index 1' command is executed.
11:22:09 INFO  : FPGA configured successfully with bitstream "C:/Users/bing/temp/vivado_test/qemu/project_pid/project_pid.sdk/design_1_wrapper_hw_platform_0/design_1_wrapper.bit"
11:22:24 INFO  : ps7_init is completed.
11:22:24 INFO  : ps7_post_config is completed.
11:22:24 INFO  : Processor reset is completed for ps7_cortexa9_0
11:40:15 INFO  : Connected to target on host '127.0.0.1' and port '3121'.
11:40:16 INFO  : 'targets -set -filter {jtag_cable_name =~ "Xilinx PYNQ-Z1 003017A6DB98A" && level==0} -index 1' command is executed.
11:40:18 INFO  : FPGA configured successfully with bitstream "C:/Users/bing/temp/vivado_test/qemu/project_pid/project_pid.sdk/design_1_wrapper_hw_platform_0/design_1_wrapper.bit"
11:40:33 INFO  : ps7_init is completed.
11:40:33 INFO  : ps7_post_config is completed.
11:40:33 INFO  : Processor reset is completed for ps7_cortexa9_0
11:58:06 INFO  : Connected to target on host '127.0.0.1' and port '3121'.
11:58:07 INFO  : 'targets -set -filter {jtag_cable_name =~ "Xilinx PYNQ-Z1 003017A6DB98A" && level==0} -index 1' command is executed.
11:58:10 INFO  : FPGA configured successfully with bitstream "C:/Users/bing/temp/vivado_test/qemu/project_pid/project_pid.sdk/design_1_wrapper_hw_platform_0/design_1_wrapper.bit"
11:58:21 INFO  : ps7_init is completed.
11:58:21 INFO  : ps7_post_config is completed.
11:58:21 INFO  : Processor reset is completed for ps7_cortexa9_0
12:01:27 INFO  : Connected to target on host '127.0.0.1' and port '3121'.
12:01:28 INFO  : 'targets -set -filter {jtag_cable_name =~ "Xilinx PYNQ-Z1 003017A6DB98A" && level==0} -index 1' command is executed.
12:01:30 INFO  : FPGA configured successfully with bitstream "C:/Users/bing/temp/vivado_test/qemu/project_pid/project_pid.sdk/design_1_wrapper_hw_platform_0/design_1_wrapper.bit"
12:01:39 INFO  : ps7_init is completed.
12:01:39 INFO  : ps7_post_config is completed.
12:01:39 INFO  : Processor reset is completed for ps7_cortexa9_0
12:02:27 ERROR : Unexpected error while parsing XMD response ?: com.google.gson.JsonSyntaxException: com.google.gson.stream.MalformedJsonException: invalid number or unquoted string near 
12:02:48 INFO  : Launching XSDB server: xsdb.bat -interactive C:\Users\bing\temp\vivado_test\qemu\project_pid\project_pid.sdk\temp_xsdb_launch_script.tcl
12:02:50 INFO  : XSDB server has started successfully.
12:04:00 INFO  : Connected to target on host '127.0.0.1' and port '3121'.
12:04:01 INFO  : 'targets -set -filter {jtag_cable_name =~ "Xilinx PYNQ-Z1 003017A6DB98A" && level==0} -index 1' command is executed.
12:04:04 INFO  : FPGA configured successfully with bitstream "C:/Users/bing/temp/vivado_test/qemu/project_pid/project_pid.sdk/design_1_wrapper_hw_platform_0/design_1_wrapper.bit"
12:04:21 INFO  : ps7_init is completed.
12:04:21 INFO  : ps7_post_config is completed.
12:04:21 INFO  : Processor reset is completed for ps7_cortexa9_0
12:06:56 INFO  : Connected to target on host '127.0.0.1' and port '3121'.
12:06:56 INFO  : 'targets -set -filter {jtag_cable_name =~ "Xilinx PYNQ-Z1 003017A6DB98A" && level==0} -index 1' command is executed.
12:06:59 INFO  : FPGA configured successfully with bitstream "C:/Users/bing/temp/vivado_test/qemu/project_pid/project_pid.sdk/design_1_wrapper_hw_platform_0/design_1_wrapper.bit"
12:07:11 INFO  : ps7_init is completed.
12:07:11 INFO  : ps7_post_config is completed.
12:07:11 INFO  : Processor reset is completed for ps7_cortexa9_0
12:10:29 ERROR : Unexpected error while parsing XMD response ?: com.google.gson.JsonSyntaxException: com.google.gson.stream.MalformedJsonException: invalid number or unquoted string near 
