Copyright 1986-2016 Xilinx, Inc. All Rights Reserved.
----------------------------------------------------------------------------------------------------------------------------------------------------------------------
| Tool Version     : Vivado v.2016.1 (win64) Build 1538259 Fri Apr  8 15:45:27 MDT 2016
| Date             : Fri Mar 23 20:56:49 2018
| Host             : DESKTOP-6T2CTD3 running 64-bit major release  (build 9200)
| Command          : report_power -file design_1_wrapper_power_routed.rpt -pb design_1_wrapper_power_summary_routed.pb -rpx design_1_wrapper_power_routed.rpx
| Design           : design_1_wrapper
| Device           : xc7z020clg400-1
| Design State     : routed
| Grade            : commercial
| Process          : typical
| Characterization : Production
----------------------------------------------------------------------------------------------------------------------------------------------------------------------

Power Report

Table of Contents
-----------------
1. Summary
1.1 On-Chip Components
1.2 Power Supply Summary
1.3 Confidence Level
2. Settings
2.1 Environment
2.2 Clock Constraints
3. Detailed Reports
3.1 By Hierarchy

1. Summary
----------

+--------------------------+-------+
| Total On-Chip Power (W)  | 1.427 |
| Dynamic (W)              | 1.275 |
| Device Static (W)        | 0.152 |
| Effective TJA (C/W)      | 11.5  |
| Max Ambient (C)          | 68.5  |
| Junction Temperature (C) | 41.5  |
| Confidence Level         | Low   |
| Setting File             | ---   |
| Simulation Activity File | ---   |
| Design Nets Matched      | NA    |
+--------------------------+-------+


1.1 On-Chip Components
----------------------

+-------------------------+-----------+----------+-----------+-----------------+
| On-Chip                 | Power (W) | Used     | Available | Utilization (%) |
+-------------------------+-----------+----------+-----------+-----------------+
| Clocks                  |     0.006 |        3 |       --- |             --- |
| Slice Logic             |     0.004 |     3355 |       --- |             --- |
|   LUT as Logic          |     0.004 |     1214 |     53200 |            2.28 |
|   Register              |    <0.001 |     1418 |    106400 |            1.33 |
|   CARRY4                |    <0.001 |       57 |     13300 |            0.43 |
|   F7/F8 Muxes           |    <0.001 |        2 |     53200 |           <0.01 |
|   LUT as Shift Register |    <0.001 |       68 |     17400 |            0.39 |
|   Others                |     0.000 |      322 |       --- |             --- |
| Signals                 |     0.005 |     2565 |       --- |             --- |
| DSPs                    |     0.002 |        5 |       220 |            2.27 |
| I/O                     |     0.001 |        4 |       125 |            3.20 |
| PS7                     |     1.256 |        1 |       --- |             --- |
| Static Power            |     0.152 |          |           |                 |
| Total                   |     1.427 |          |           |                 |
+-------------------------+-----------+----------+-----------+-----------------+


1.2 Power Supply Summary
------------------------

+-----------+-------------+-----------+-------------+------------+
| Source    | Voltage (V) | Total (A) | Dynamic (A) | Static (A) |
+-----------+-------------+-----------+-------------+------------+
| Vccint    |       1.000 |     0.031 |       0.018 |      0.013 |
| Vccaux    |       1.800 |     0.020 |       0.000 |      0.020 |
| Vcco33    |       3.300 |     0.001 |       0.000 |      0.001 |
| Vcco25    |       2.500 |     0.000 |       0.000 |      0.000 |
| Vcco18    |       1.800 |     0.001 |       0.000 |      0.001 |
| Vcco15    |       1.500 |     0.001 |       0.000 |      0.001 |
| Vcco135   |       1.350 |     0.000 |       0.000 |      0.000 |
| Vcco12    |       1.200 |     0.000 |       0.000 |      0.000 |
| Vccaux_io |       1.800 |     0.000 |       0.000 |      0.000 |
| Vccbram   |       1.000 |     0.001 |       0.000 |      0.001 |
| MGTAVcc   |       1.000 |     0.000 |       0.000 |      0.000 |
| MGTAVtt   |       1.200 |     0.000 |       0.000 |      0.000 |
| MGTVccaux |       1.800 |     0.000 |       0.000 |      0.000 |
| Vccpint   |       1.000 |     0.674 |       0.647 |      0.027 |
| Vccpaux   |       1.800 |     0.036 |       0.026 |      0.010 |
| Vccpll    |       1.800 |     0.017 |       0.014 |      0.003 |
| Vcco_ddr  |       1.500 |     0.354 |       0.352 |      0.002 |
| Vcco_mio0 |       3.300 |     0.003 |       0.002 |      0.001 |
| Vcco_mio1 |       1.800 |     0.003 |       0.002 |      0.001 |
| Vccadc    |       1.800 |     0.020 |       0.000 |      0.020 |
+-----------+-------------+-----------+-------------+------------+


1.3 Confidence Level
--------------------

+-----------------------------+------------+--------------------------------------------------------+------------------------------------------------------------------------------------------------------------+
| User Input Data             | Confidence | Details                                                | Action                                                                                                     |
+-----------------------------+------------+--------------------------------------------------------+------------------------------------------------------------------------------------------------------------+
| Design implementation state | High       | Design is routed                                       |                                                                                                            |
| Clock nodes activity        | High       | User specified more than 95% of clocks                 |                                                                                                            |
| I/O nodes activity          | Low        | More than 75% of inputs are missing user specification | Provide missing input activity with simulation results or by editing the "By Resource Type -> I/Os" view   |
| Internal nodes activity     | Medium     | User specified less than 25% of internal nodes         | Provide missing internal nodes activity with simulation results or by editing the "By Resource Type" views |
| Device models               | High       | Device models are Production                           |                                                                                                            |
|                             |            |                                                        |                                                                                                            |
| Overall confidence level    | Low        |                                                        |                                                                                                            |
+-----------------------------+------------+--------------------------------------------------------+------------------------------------------------------------------------------------------------------------+


2. Settings
-----------

2.1 Environment
---------------

+-----------------------+------------------------+
| Ambient Temp (C)      | 25.0                   |
| ThetaJA (C/W)         | 11.5                   |
| Airflow (LFM)         | 250                    |
| Heat Sink             | none                   |
| ThetaSA (C/W)         | 0.0                    |
| Board Selection       | medium (10"x10")       |
| # of Board Layers     | 8to11 (8 to 11 Layers) |
| Board Temperature (C) | 25.0                   |
+-----------------------+------------------------+


2.2 Clock Constraints
---------------------

+------------+-------------------------------------------------------------+-----------------+
| Clock      | Domain                                                      | Constraint (ns) |
+------------+-------------------------------------------------------------+-----------------+
| clk_fpga_0 | design_1_i/processing_system7_0/inst/FCLK_CLK_unbuffered[0] |            10.0 |
+------------+-------------------------------------------------------------+-----------------+


3. Detailed Reports
-------------------

3.1 By Hierarchy
----------------

+----------------------------------------------------------------+-----------+
| Name                                                           | Power (W) |
+----------------------------------------------------------------+-----------+
| design_1_wrapper                                               |     1.275 |
|   design_1_i                                                   |     1.273 |
|     axi_gpio_0                                                 |    <0.001 |
|       U0                                                       |    <0.001 |
|         AXI_LITE_IPIF_I                                        |    <0.001 |
|           I_SLAVE_ATTACHMENT                                   |    <0.001 |
|             I_DECODER                                          |    <0.001 |
|         gpio_core_1                                            |    <0.001 |
|           Not_Dual.INPUT_DOUBLE_REGS3                          |    <0.001 |
|     pid_regulator_0                                            |     0.010 |
|       inst                                                     |     0.010 |
|         pid_regulator_AXILiteS_s_axi_U                         |     0.001 |
|         pid_regulator_faddfsub_32ns_32ns_32_5_full_dsp_U0      |     0.004 |
|           pid_regulator_ap_faddfsub_3_full_dsp_32_u            |     0.003 |
|             U0                                                 |     0.003 |
|               i_synth                                          |     0.003 |
|                 ADDSUB_OP.ADDSUB                               |     0.003 |
|                   SPEED_OP.DSP.OP                              |     0.003 |
|                     A_IP_DELAY                                 |    <0.001 |
|                       i_pipe                                   |    <0.001 |
|                     B_IP_DELAY                                 |    <0.001 |
|                       i_pipe                                   |    <0.001 |
|                     DSP48E1_BODY.ALIGN_ADD                     |    <0.001 |
|                       DSP2                                     |    <0.001 |
|                       ZERO_14_DET.CARRY_MUX                    |     0.000 |
|                       ZERO_14_DET.ZERO_DET                     |    <0.001 |
|                         CARRY_ZERO_DET                         |    <0.001 |
|                       Z_14_LZD_DELAY                           |    <0.001 |
|                         i_pipe                                 |    <0.001 |
|                     DSP48E1_BODY.EXP                           |     0.001 |
|                       A_EXP_DELAY                              |    <0.001 |
|                         i_pipe                                 |    <0.001 |
|                       A_SIGN_DELAY                             |    <0.001 |
|                         i_pipe                                 |    <0.001 |
|                       BMA_EXP_DELAY                            |    <0.001 |
|                         i_pipe                                 |    <0.001 |
|                       B_EXP_DELAY                              |    <0.001 |
|                         i_pipe                                 |    <0.001 |
|                       B_SIGN_DELAY                             |    <0.001 |
|                         i_pipe                                 |    <0.001 |
|                       CANCELLATION_DELAY                       |    <0.001 |
|                         i_pipe                                 |    <0.001 |
|                       COND_DET_A                               |    <0.001 |
|                         EXP_DET_LUT.EXP_ALL_ONE_DEL            |    <0.001 |
|                           i_pipe                               |    <0.001 |
|                         EXP_DET_LUT.EXP_ALL_ZERO_DEL           |    <0.001 |
|                           i_pipe                               |    <0.001 |
|                         MANT_CARRY.MANT_ALL_ZERO_DET           |    <0.001 |
|                           CARRY_ZERO_DET                       |    <0.001 |
|                       COND_DET_B                               |    <0.001 |
|                         EXP_DET_LUT.EXP_ALL_ONE_DEL            |    <0.001 |
|                           i_pipe                               |    <0.001 |
|                         EXP_DET_LUT.EXP_ALL_ZERO_DEL           |    <0.001 |
|                           i_pipe                               |    <0.001 |
|                         MANT_CARRY.MANT_ALL_ZERO_DET           |    <0.001 |
|                           CARRY_ZERO_DET                       |    <0.001 |
|                       DET_SIGN_DELAY                           |    <0.001 |
|                         i_pipe                                 |    <0.001 |
|                       EXP_OFF.LRG_EXP_DELAY                    |    <0.001 |
|                         i_pipe                                 |    <0.001 |
|                       EXP_OFF.STRUCT_ADD                       |    <0.001 |
|                       NOT_LOW_LATENCY_NORM_DIST.NORM_EXP_DELAY |    <0.001 |
|                         i_pipe                                 |    <0.001 |
|                       NUMB_CMP                                 |    <0.001 |
|                         NOT_FAST.CMP                           |    <0.001 |
|                           C_CHAIN                              |    <0.001 |
|                       STATE_DELAY                              |    <0.001 |
|                         i_pipe                                 |    <0.001 |
|                       SUB_DELAY                                |    <0.001 |
|                         i_pipe                                 |    <0.001 |
|                       merged_sub_mux.STRUCT_ADD                |    <0.001 |
|                     DSP48E1_BODY.NORM_RND                      |    <0.001 |
|                       FULL_USAGE_DSP.LOD                       |    <0.001 |
|                       FULL_USAGE_DSP.MSBS_DELAY                |    <0.001 |
|                         i_pipe                                 |    <0.001 |
|                       FULL_USAGE_DSP.ROUND_BIT_DELAY           |    <0.001 |
|                         i_pipe                                 |    <0.001 |
|                       FULL_USAGE_DSP.SHIFT_RND                 |    <0.001 |
|         pid_regulator_fcmp_32ns_32ns_1_1_U2                    |    <0.001 |
|           pid_regulator_ap_fcmp_0_no_dsp_32_u                  |    <0.001 |
|             U0                                                 |    <0.001 |
|               i_synth                                          |    <0.001 |
|                 COMP_OP.SPD.OP                                 |    <0.001 |
|                   STRUCT_CMP.A_EXP_ALL_ONE_DET                 |    <0.001 |
|                     CARRY_ZERO_DET                             |    <0.001 |
|                   STRUCT_CMP.A_FRAC_NOT_ZERO_DET               |    <0.001 |
|                     WIDE_NOR                                   |    <0.001 |
|                   STRUCT_CMP.A_GT_B_DET                        |    <0.001 |
|                     C_CHAIN                                    |    <0.001 |
|                   STRUCT_CMP.EXP_ALL_ZERO_DET                  |    <0.001 |
|                     CARRY_ZERO_DET                             |    <0.001 |
|         pid_regulator_fcmp_32ns_32ns_1_1_U3                    |    <0.001 |
|           pid_regulator_ap_fcmp_0_no_dsp_32_u                  |    <0.001 |
|             U0                                                 |    <0.001 |
|               i_synth                                          |    <0.001 |
|                 COMP_OP.SPD.OP                                 |    <0.001 |
|                   STRUCT_CMP.A_EQ_B_DET                        |    <0.001 |
|                     WIDE_AND                                   |    <0.001 |
|                   STRUCT_CMP.A_EXP_ALL_ONE_DET                 |    <0.001 |
|                     CARRY_ZERO_DET                             |    <0.001 |
|                   STRUCT_CMP.A_FRAC_NOT_ZERO_DET               |    <0.001 |
|                     WIDE_NOR                                   |    <0.001 |
|                   STRUCT_CMP.A_GT_B_DET                        |    <0.001 |
|                     C_CHAIN                                    |    <0.001 |
|                   STRUCT_CMP.EXP_ALL_ZERO_DET                  |    <0.001 |
|                     CARRY_ZERO_DET                             |    <0.001 |
|         pid_regulator_fmul_32ns_32ns_32_4_max_dsp_U1           |     0.003 |
|           pid_regulator_ap_fmul_2_max_dsp_32_u                 |     0.002 |
|             U0                                                 |     0.002 |
|               i_synth                                          |     0.002 |
|                 MULT.OP                                        |     0.002 |
|                   EXP                                          |    <0.001 |
|                     COND_DET_A                                 |    <0.001 |
|                       MANT_CARRY.MANT_ALL_ZERO_DET             |    <0.001 |
|                         CARRY_ZERO_DET                         |    <0.001 |
|                     EXP_ADD.C_CHAIN                            |    <0.001 |
|                     EXP_PRE_RND_DEL                            |    <0.001 |
|                       i_pipe                                   |    <0.001 |
|                     IP_SIGN_DELAY                              |    <0.001 |
|                       i_pipe                                   |    <0.001 |
|                     SIG_DELAY                                  |    <0.001 |
|                       i_pipe                                   |    <0.001 |
|                     STATE_DELAY                                |    <0.001 |
|                       i_pipe                                   |    <0.001 |
|                   MULT                                         |     0.001 |
|                     DSP48E1_SPD_SGL_VARIANT.FIX_MULT           |     0.001 |
|                       DSP1                                     |    <0.001 |
|                       DSP2                                     |    <0.001 |
|                   OP                                           |    <0.001 |
|                   R_AND_R                                      |    <0.001 |
|                     LAT_OPT.FULL.R_AND_R                       |    <0.001 |
|                       DSP48E1_SGL_EXP_IP.OLD_ADD.ADD           |    <0.001 |
|     processing_system7_0                                       |     1.256 |
|       inst                                                     |     1.256 |
|     processing_system7_0_axi_periph                            |     0.006 |
|       s00_couplers                                             |     0.005 |
|         auto_pc                                                |     0.005 |
|           inst                                                 |     0.005 |
|             gen_axilite.gen_b2s_conv.axilite_b2s               |     0.005 |
|               RD.ar_channel_0                                  |    <0.001 |
|                 ar_cmd_fsm_0                                   |    <0.001 |
|                 cmd_translator_0                               |    <0.001 |
|                   incr_cmd_0                                   |    <0.001 |
|                   wrap_cmd_0                                   |    <0.001 |
|               RD.r_channel_0                                   |     0.001 |
|                 rd_data_fifo_0                                 |    <0.001 |
|                 transaction_fifo_0                             |    <0.001 |
|               SI_REG                                           |     0.002 |
|                 ar_pipe                                        |    <0.001 |
|                 aw_pipe                                        |    <0.001 |
|                 b_pipe                                         |    <0.001 |
|                 r_pipe                                         |    <0.001 |
|               WR.aw_channel_0                                  |    <0.001 |
|                 aw_cmd_fsm_0                                   |    <0.001 |
|                 cmd_translator_0                               |    <0.001 |
|                   incr_cmd_0                                   |    <0.001 |
|                   wrap_cmd_0                                   |    <0.001 |
|               WR.b_channel_0                                   |    <0.001 |
|                 bid_fifo_0                                     |    <0.001 |
|                 bresp_fifo_0                                   |    <0.001 |
|       xbar                                                     |    <0.001 |
|         inst                                                   |    <0.001 |
|           gen_sasd.crossbar_sasd_0                             |    <0.001 |
|             addr_arbiter_inst                                  |    <0.001 |
|             gen_decerr.decerr_slave_inst                       |    <0.001 |
|             reg_slice_r                                        |    <0.001 |
|             splitter_ar                                        |    <0.001 |
|             splitter_aw                                        |    <0.001 |
|     rst_processing_system7_0_100M                              |    <0.001 |
|       U0                                                       |    <0.001 |
|         EXT_LPF                                                |    <0.001 |
|           ACTIVE_LOW_EXT.ACT_LO_EXT                            |    <0.001 |
|         SEQ                                                    |    <0.001 |
|           SEQ_COUNTER                                          |    <0.001 |
|   gpio_rtl_tri_iobuf_0                                         |    <0.001 |
|   gpio_rtl_tri_iobuf_1                                         |    <0.001 |
|   gpio_rtl_tri_iobuf_2                                         |    <0.001 |
|   gpio_rtl_tri_iobuf_3                                         |    <0.001 |
+----------------------------------------------------------------+-----------+


