19:00:25 INFO  : Launching XSDB server: xsdb.bat -interactive C:\Users\bing\temp\vivado_test\qemu\project_qemu\project_qemu.sdk\temp_xsdb_launch_script.tcl
19:00:27 INFO  : XSDB server has started successfully.
19:00:29 INFO  : Processing command line option -hwspec C:/Users/bing/temp/vivado_test/qemu/project_qemu/project_qemu.sdk/design_1_wrapper.hdf.
19:14:18 INFO  : Launching XSDB server: xsdb.bat -interactive C:\Users\bing\temp\vivado_test\qemu\project_qemu\project_qemu.sdk\temp_xsdb_launch_script.tcl
19:14:21 INFO  : XSDB server has started successfully.
19:16:08 INFO  : Connected to target on host '127.0.0.1' and port '3121'.
19:16:09 INFO  : 'targets -set -filter {jtag_cable_name =~ "Xilinx PYNQ-Z1 003017A6DB98A" && level==0} -index 1' command is executed.
19:16:12 INFO  : FPGA configured successfully with bitstream "C:/Users/bing/temp/vivado_test/qemu/project_qemu/project_qemu.sdk/design_1_wrapper_hw_platform_0/design_1_wrapper.bit"
19:18:49 INFO  : ps7_init is completed.
19:18:49 INFO  : ps7_post_config is completed.
19:18:49 INFO  : Processor reset is completed for ps7_cortexa9_0
19:21:37 INFO  : Connected to target on host '127.0.0.1' and port '3121'.
19:21:38 INFO  : 'targets -set -filter {jtag_cable_name =~ "Xilinx PYNQ-Z1 003017A6DB98A" && level==0} -index 1' command is executed.
19:21:41 INFO  : FPGA configured successfully with bitstream "C:/Users/bing/temp/vivado_test/qemu/project_qemu/project_qemu.sdk/design_1_wrapper_hw_platform_0/design_1_wrapper.bit"
19:22:41 INFO  : ps7_init is completed.
19:22:41 INFO  : ps7_post_config is completed.
19:22:42 INFO  : Processor reset is completed for ps7_cortexa9_0
19:27:08 INFO  : Connected to target on host '127.0.0.1' and port '3121'.
19:27:09 INFO  : 'targets -set -filter {jtag_cable_name =~ "Xilinx PYNQ-Z1 003017A6DB98A" && level==0} -index 1' command is executed.
19:27:12 INFO  : FPGA configured successfully with bitstream "C:/Users/bing/temp/vivado_test/qemu/project_qemu/project_qemu.sdk/design_1_wrapper_hw_platform_0/design_1_wrapper.bit"
19:27:22 INFO  : ps7_init is completed.
19:27:22 INFO  : ps7_post_config is completed.
19:27:22 INFO  : Processor reset is completed for ps7_cortexa9_0
19:47:42 ERROR : Unexpected error while parsing XMD response ?: com.google.gson.JsonSyntaxException: com.google.gson.stream.MalformedJsonException: invalid number or unquoted string near 
19:55:35 INFO  : Launching XSDB server: xsdb.bat -interactive C:\Users\bing\temp\vivado_test\qemu\project_qemu\project_qemu.sdk\temp_xsdb_launch_script.tcl
19:55:38 INFO  : XSDB server has started successfully.
20:00:07 INFO  : Connected to target on host '127.0.0.1' and port '3121'.
20:00:15 INFO  : 'targets -set -filter {jtag_cable_name =~ "Xilinx PYNQ-Z1 003017A6DB98A" && level==0} -index 1' command is executed.
20:00:23 INFO  : FPGA configured successfully with bitstream "C:/Users/bing/temp/vivado_test/qemu/project_qemu/project_qemu.sdk/design_1_wrapper_hw_platform_0/design_1_wrapper.bit"
20:00:52 INFO  : ps7_init is completed.
20:00:52 INFO  : ps7_post_config is completed.
20:00:52 INFO  : Processor reset is completed for ps7_cortexa9_0
20:08:42 INFO  : Connected to target on host '127.0.0.1' and port '3121'.
20:08:43 INFO  : 'targets -set -filter {jtag_cable_name =~ "Xilinx PYNQ-Z1 003017A6DB98A" && level==0} -index 1' command is executed.
20:08:45 INFO  : FPGA configured successfully with bitstream "C:/Users/bing/temp/vivado_test/qemu/project_qemu/project_qemu.sdk/design_1_wrapper_hw_platform_0/design_1_wrapper.bit"
20:08:57 INFO  : ps7_init is completed.
20:08:57 INFO  : ps7_post_config is completed.
20:08:57 INFO  : Processor reset is completed for ps7_cortexa9_0
20:10:46 INFO  : Connected to target on host '127.0.0.1' and port '3121'.
20:10:47 INFO  : 'targets -set -filter {jtag_cable_name =~ "Xilinx PYNQ-Z1 003017A6DB98A" && level==0} -index 1' command is executed.
20:10:49 INFO  : FPGA configured successfully with bitstream "C:/Users/bing/temp/vivado_test/qemu/project_qemu/project_qemu.sdk/design_1_wrapper_hw_platform_0/design_1_wrapper.bit"
20:11:03 INFO  : ps7_init is completed.
20:11:03 INFO  : ps7_post_config is completed.
20:11:04 INFO  : Processor reset is completed for ps7_cortexa9_0
20:18:20 INFO  : Connected to target on host '127.0.0.1' and port '3121'.
20:18:21 INFO  : 'targets -set -filter {jtag_cable_name =~ "Xilinx PYNQ-Z1 003017A6DB98A" && level==0} -index 1' command is executed.
20:18:23 INFO  : FPGA configured successfully with bitstream "C:/Users/bing/temp/vivado_test/qemu/project_qemu/project_qemu.sdk/design_1_wrapper_hw_platform_0/design_1_wrapper.bit"
20:18:36 INFO  : ps7_init is completed.
20:18:36 INFO  : ps7_post_config is completed.
20:18:37 INFO  : Processor reset is completed for ps7_cortexa9_0
20:20:22 INFO  : Connected to target on host '127.0.0.1' and port '3121'.
20:20:22 INFO  : 'targets -set -filter {jtag_cable_name =~ "Xilinx PYNQ-Z1 003017A6DB98A" && level==0} -index 1' command is executed.
20:20:25 INFO  : FPGA configured successfully with bitstream "C:/Users/bing/temp/vivado_test/qemu/project_qemu/project_qemu.sdk/design_1_wrapper_hw_platform_0/design_1_wrapper.bit"
20:20:42 INFO  : ps7_init is completed.
20:20:42 INFO  : ps7_post_config is completed.
20:20:42 INFO  : Processor reset is completed for ps7_cortexa9_0
20:30:22 ERROR : Unexpected error while parsing XMD response ?: com.google.gson.JsonSyntaxException: com.google.gson.stream.MalformedJsonException: invalid number or unquoted string near 
20:30:49 INFO  : Launching XSDB server: xsdb.bat -interactive C:\Users\bing\temp\vivado_test\qemu\project_qemu\project_qemu.sdk\temp_xsdb_launch_script.tcl
20:30:51 INFO  : XSDB server has started successfully.
20:59:42 INFO  : Connected to target on host '127.0.0.1' and port '3121'.
20:59:44 INFO  : 'targets -set -filter {jtag_cable_name =~ "Xilinx PYNQ-Z1 003017A6DB98A" && level==0} -index 1' command is executed.
20:59:47 INFO  : FPGA configured successfully with bitstream "C:/Users/bing/temp/vivado_test/qemu/project_qemu/project_qemu.sdk/design_1_wrapper_hw_platform_0/design_1_wrapper.bit"
21:00:06 INFO  : ps7_init is completed.
21:00:06 INFO  : ps7_post_config is completed.
21:00:07 INFO  : Processor reset is completed for ps7_cortexa9_0
21:09:42 INFO  : Connected to target on host '127.0.0.1' and port '3121'.
21:09:43 INFO  : 'targets -set -filter {jtag_cable_name =~ "Xilinx PYNQ-Z1 003017A6DB98A" && level==0} -index 1' command is executed.
21:09:45 INFO  : FPGA configured successfully with bitstream "C:/Users/bing/temp/vivado_test/qemu/project_qemu/project_qemu.sdk/design_1_wrapper_hw_platform_0/design_1_wrapper.bit"
21:09:57 INFO  : ps7_init is completed.
21:09:57 INFO  : ps7_post_config is completed.
21:09:58 INFO  : Processor reset is completed for ps7_cortexa9_0
21:11:22 INFO  : Connected to target on host '127.0.0.1' and port '3121'.
21:11:22 INFO  : 'targets -set -filter {jtag_cable_name =~ "Xilinx PYNQ-Z1 003017A6DB98A" && level==0} -index 1' command is executed.
21:11:25 INFO  : FPGA configured successfully with bitstream "C:/Users/bing/temp/vivado_test/qemu/project_qemu/project_qemu.sdk/design_1_wrapper_hw_platform_0/design_1_wrapper.bit"
21:11:38 INFO  : ps7_init is completed.
21:11:38 INFO  : ps7_post_config is completed.
21:11:38 INFO  : Processor reset is completed for ps7_cortexa9_0
21:13:11 ERROR : Unexpected error while parsing XMD response ?: com.google.gson.JsonSyntaxException: com.google.gson.stream.MalformedJsonException: invalid number or unquoted string near 
21:13:32 INFO  : Launching XSDB server: xsdb.bat -interactive C:\Users\bing\temp\vivado_test\qemu\project_qemu\project_qemu.sdk\temp_xsdb_launch_script.tcl
21:13:34 INFO  : XSDB server has started successfully.
21:13:45 INFO  : Connected to target on host '127.0.0.1' and port '3121'.
21:13:46 INFO  : 'targets -set -filter {jtag_cable_name =~ "Xilinx PYNQ-Z1 003017A6DB98A" && level==0} -index 1' command is executed.
21:13:49 INFO  : FPGA configured successfully with bitstream "C:/Users/bing/temp/vivado_test/qemu/project_qemu/project_qemu.sdk/design_1_wrapper_hw_platform_0/design_1_wrapper.bit"
21:14:09 INFO  : ps7_init is completed.
21:14:09 INFO  : ps7_post_config is completed.
21:14:09 INFO  : Processor reset is completed for ps7_cortexa9_0
21:17:27 INFO  : Connected to target on host '127.0.0.1' and port '3121'.
21:17:36 INFO  : Connected to target on host '127.0.0.1' and port '3121'.
21:17:37 INFO  : 'targets -set -filter {jtag_cable_name =~ "Xilinx PYNQ-Z1 003017A6DB98A" && level==0} -index 1' command is executed.
21:17:40 INFO  : FPGA configured successfully with bitstream "C:/Users/bing/temp/vivado_test/qemu/project_qemu/project_qemu.sdk/design_1_wrapper_hw_platform_0/design_1_wrapper.bit"
21:17:53 INFO  : ps7_init is completed.
21:17:53 INFO  : ps7_post_config is completed.
21:17:54 INFO  : Processor reset is completed for ps7_cortexa9_0
21:19:18 INFO  : Connected to target on host '127.0.0.1' and port '3121'.
21:19:18 INFO  : 'targets -set -filter {jtag_cable_name =~ "Xilinx PYNQ-Z1 003017A6DB98A" && level==0} -index 1' command is executed.
21:19:21 INFO  : FPGA configured successfully with bitstream "C:/Users/bing/temp/vivado_test/qemu/project_qemu/project_qemu.sdk/design_1_wrapper_hw_platform_0/design_1_wrapper.bit"
21:19:46 INFO  : ps7_init is completed.
21:19:46 INFO  : ps7_post_config is completed.
21:19:46 INFO  : Processor reset is completed for ps7_cortexa9_0
21:21:44 INFO  : Connected to target on host '127.0.0.1' and port '3121'.
21:21:44 INFO  : 'targets -set -filter {jtag_cable_name =~ "Xilinx PYNQ-Z1 003017A6DB98A" && level==0} -index 1' command is executed.
21:21:47 INFO  : FPGA configured successfully with bitstream "C:/Users/bing/temp/vivado_test/qemu/project_qemu/project_qemu.sdk/design_1_wrapper_hw_platform_0/design_1_wrapper.bit"
21:21:58 INFO  : ps7_init is completed.
21:21:58 INFO  : ps7_post_config is completed.
21:21:59 INFO  : Processor reset is completed for ps7_cortexa9_0
21:22:45 INFO  : Connected to target on host '127.0.0.1' and port '3121'.
21:22:46 INFO  : 'targets -set -filter {jtag_cable_name =~ "Xilinx PYNQ-Z1 003017A6DB98A" && level==0} -index 1' command is executed.
21:22:48 INFO  : FPGA configured successfully with bitstream "C:/Users/bing/temp/vivado_test/qemu/project_qemu/project_qemu.sdk/design_1_wrapper_hw_platform_0/design_1_wrapper.bit"
21:23:03 INFO  : ps7_init is completed.
21:23:03 INFO  : ps7_post_config is completed.
21:23:03 INFO  : Processor reset is completed for ps7_cortexa9_0
21:25:40 INFO  : Connected to target on host '127.0.0.1' and port '3121'.
21:25:41 INFO  : 'targets -set -filter {jtag_cable_name =~ "Xilinx PYNQ-Z1 003017A6DB98A" && level==0} -index 1' command is executed.
21:25:43 INFO  : FPGA configured successfully with bitstream "C:/Users/bing/temp/vivado_test/qemu/project_qemu/project_qemu.sdk/design_1_wrapper_hw_platform_0/design_1_wrapper.bit"
21:25:56 INFO  : ps7_init is completed.
21:25:56 INFO  : ps7_post_config is completed.
21:25:56 INFO  : Processor reset is completed for ps7_cortexa9_0
21:27:51 INFO  : Connected to target on host '127.0.0.1' and port '3121'.
21:27:52 INFO  : 'targets -set -filter {jtag_cable_name =~ "Xilinx PYNQ-Z1 003017A6DB98A" && level==0} -index 1' command is executed.
21:27:54 INFO  : FPGA configured successfully with bitstream "C:/Users/bing/temp/vivado_test/qemu/project_qemu/project_qemu.sdk/design_1_wrapper_hw_platform_0/design_1_wrapper.bit"
21:28:17 INFO  : ps7_init is completed.
21:28:17 INFO  : ps7_post_config is completed.
21:28:17 INFO  : Processor reset is completed for ps7_cortexa9_0
21:30:54 INFO  : Connected to target on host '127.0.0.1' and port '3121'.
21:30:55 INFO  : 'targets -set -filter {jtag_cable_name =~ "Xilinx PYNQ-Z1 003017A6DB98A" && level==0} -index 1' command is executed.
21:31:00 INFO  : FPGA configured successfully with bitstream "C:/Users/bing/temp/vivado_test/qemu/project_qemu/project_qemu.sdk/design_1_wrapper_hw_platform_0/design_1_wrapper.bit"
21:31:19 INFO  : ps7_init is completed.
21:31:19 INFO  : ps7_post_config is completed.
21:31:19 INFO  : Processor reset is completed for ps7_cortexa9_0
21:32:23 INFO  : Connected to target on host '127.0.0.1' and port '3121'.
21:32:53 INFO  : Connected to target on host '127.0.0.1' and port '3121'.
21:33:03 INFO  : 'targets -set -filter {jtag_cable_name =~ "Xilinx PYNQ-Z1 003017A6DB98A" && level==0} -index 1' command is executed.
21:33:36 INFO  : FPGA configured successfully with bitstream "C:/Users/bing/temp/vivado_test/qemu/project_qemu/project_qemu.sdk/design_1_wrapper_hw_platform_0/design_1_wrapper.bit"
21:33:44 ERROR : Unexpected error while parsing XMD response ?: com.google.gson.JsonSyntaxException: com.google.gson.stream.MalformedJsonException: invalid number or unquoted string near 
21:34:10 INFO  : Launching XSDB server: xsdb.bat -interactive C:\Users\bing\temp\vivado_test\qemu\project_qemu\project_qemu.sdk\temp_xsdb_launch_script.tcl
21:34:12 INFO  : XSDB server has started successfully.
21:34:26 INFO  : Connected to target on host '127.0.0.1' and port '3121'.
21:34:27 INFO  : 'targets -set -filter {jtag_cable_name =~ "Xilinx PYNQ-Z1 003017A6DB98A" && level==0} -index 1' command is executed.
21:34:30 INFO  : FPGA configured successfully with bitstream "C:/Users/bing/temp/vivado_test/qemu/project_qemu/project_qemu.sdk/design_1_wrapper_hw_platform_0/design_1_wrapper.bit"
21:34:47 INFO  : ps7_init is completed.
21:34:48 INFO  : ps7_post_config is completed.
21:34:48 INFO  : Processor reset is completed for ps7_cortexa9_0
21:35:46 INFO  : Connected to target on host '127.0.0.1' and port '3121'.
21:35:47 INFO  : 'targets -set -filter {jtag_cable_name =~ "Xilinx PYNQ-Z1 003017A6DB98A" && level==0} -index 1' command is executed.
21:35:50 INFO  : FPGA configured successfully with bitstream "C:/Users/bing/temp/vivado_test/qemu/project_qemu/project_qemu.sdk/design_1_wrapper_hw_platform_0/design_1_wrapper.bit"
21:36:02 INFO  : ps7_init is completed.
21:36:02 INFO  : ps7_post_config is completed.
21:36:02 INFO  : Processor reset is completed for ps7_cortexa9_0
21:37:50 INFO  : Connected to target on host '127.0.0.1' and port '3121'.
21:37:51 INFO  : 'targets -set -filter {jtag_cable_name =~ "Xilinx PYNQ-Z1 003017A6DB98A" && level==0} -index 1' command is executed.
21:37:54 INFO  : FPGA configured successfully with bitstream "C:/Users/bing/temp/vivado_test/qemu/project_qemu/project_qemu.sdk/design_1_wrapper_hw_platform_0/design_1_wrapper.bit"
21:38:04 INFO  : ps7_cortexa9_0 Processor is in use. Please stop existing Run or Debug sessions before launching.
21:38:15 INFO  : Processor reset is completed for ps7_cortexa9_0
21:39:35 INFO  : Connected to target on host '127.0.0.1' and port '3121'.
21:39:36 INFO  : 'targets -set -filter {jtag_cable_name =~ "Xilinx PYNQ-Z1 003017A6DB98A" && level==0} -index 1' command is executed.
21:39:38 INFO  : FPGA configured successfully with bitstream "C:/Users/bing/temp/vivado_test/qemu/project_qemu/project_qemu.sdk/design_1_wrapper_hw_platform_0/design_1_wrapper.bit"
21:39:50 INFO  : ps7_init is completed.
21:39:50 INFO  : ps7_post_config is completed.
21:39:50 INFO  : Processor reset is completed for ps7_cortexa9_0
21:40:58 INFO  : Connected to target on host '127.0.0.1' and port '3121'.
21:40:59 INFO  : 'targets -set -filter {jtag_cable_name =~ "Xilinx PYNQ-Z1 003017A6DB98A" && level==0} -index 1' command is executed.
21:41:02 INFO  : FPGA configured successfully with bitstream "C:/Users/bing/temp/vivado_test/qemu/project_qemu/project_qemu.sdk/design_1_wrapper_hw_platform_0/design_1_wrapper.bit"
21:41:14 INFO  : ps7_init is completed.
21:41:14 INFO  : ps7_post_config is completed.
21:41:14 INFO  : Processor reset is completed for ps7_cortexa9_0
21:42:01 INFO  : Connected to target on host '127.0.0.1' and port '3121'.
21:42:02 INFO  : 'targets -set -filter {jtag_cable_name =~ "Xilinx PYNQ-Z1 003017A6DB98A" && level==0} -index 1' command is executed.
21:42:05 INFO  : FPGA configured successfully with bitstream "C:/Users/bing/temp/vivado_test/qemu/project_qemu/project_qemu.sdk/design_1_wrapper_hw_platform_0/design_1_wrapper.bit"
21:42:20 INFO  : ps7_init is completed.
21:42:20 INFO  : ps7_post_config is completed.
21:42:21 INFO  : Processor reset is completed for ps7_cortexa9_0
21:43:13 INFO  : Connected to target on host '127.0.0.1' and port '3121'.
21:43:14 INFO  : 'targets -set -filter {jtag_cable_name =~ "Xilinx PYNQ-Z1 003017A6DB98A" && level==0} -index 1' command is executed.
21:43:16 INFO  : FPGA configured successfully with bitstream "C:/Users/bing/temp/vivado_test/qemu/project_qemu/project_qemu.sdk/design_1_wrapper_hw_platform_0/design_1_wrapper.bit"
21:43:37 INFO  : ps7_init is completed.
21:43:37 INFO  : ps7_post_config is completed.
21:43:37 INFO  : Processor reset is completed for ps7_cortexa9_0
21:45:26 INFO  : Connected to target on host '127.0.0.1' and port '3121'.
21:45:26 INFO  : 'targets -set -filter {jtag_cable_name =~ "Xilinx PYNQ-Z1 003017A6DB98A" && level==0} -index 1' command is executed.
21:45:29 INFO  : FPGA configured successfully with bitstream "C:/Users/bing/temp/vivado_test/qemu/project_qemu/project_qemu.sdk/design_1_wrapper_hw_platform_0/design_1_wrapper.bit"
21:45:49 INFO  : ps7_init is completed.
21:45:49 INFO  : ps7_post_config is completed.
21:45:49 INFO  : Processor reset is completed for ps7_cortexa9_0
21:46:30 ERROR : Unexpected error while parsing XMD response ?: com.google.gson.JsonSyntaxException: com.google.gson.stream.MalformedJsonException: invalid number or unquoted string near 
18:37:38 INFO  : Launching XSDB server: xsdb.bat -interactive C:\Users\bing\temp\vivado_test\qemu\project_qemu\project_qemu.sdk\temp_xsdb_launch_script.tcl
18:37:41 INFO  : XSDB server has started successfully.
18:41:57 INFO  : Connected to target on host '127.0.0.1' and port '3121'.
18:42:00 INFO  : 'targets -set -filter {jtag_cable_name =~ "Xilinx PYNQ-Z1 003017A6DB98A" && level==0} -index 1' command is executed.
18:42:02 INFO  : FPGA configured successfully with bitstream "C:/Users/bing/temp/vivado_test/qemu/project_qemu/project_qemu.sdk/design_1_wrapper_hw_platform_0/design_1_wrapper.bit"
18:42:23 INFO  : ps7_init is completed.
18:42:23 INFO  : ps7_post_config is completed.
18:42:23 INFO  : Processor reset is completed for ps7_cortexa9_0
18:56:43 INFO  : Connected to target on host '127.0.0.1' and port '3121'.
18:56:45 INFO  : 'targets -set -filter {jtag_cable_name =~ "Xilinx PYNQ-Z1 003017A6DB98A" && level==0} -index 1' command is executed.
18:56:48 INFO  : FPGA configured successfully with bitstream "C:/Users/bing/temp/vivado_test/qemu/project_qemu/project_qemu.sdk/design_1_wrapper_hw_platform_0/design_1_wrapper.bit"
18:57:28 INFO  : ps7_init is completed.
18:57:29 INFO  : ps7_post_config is completed.
18:57:29 INFO  : Processor reset is completed for ps7_cortexa9_0
18:59:55 INFO  : Connected to target on host '127.0.0.1' and port '3121'.
18:59:56 INFO  : 'targets -set -filter {jtag_cable_name =~ "Xilinx PYNQ-Z1 003017A6DB98A" && level==0} -index 1' command is executed.
18:59:59 INFO  : FPGA configured successfully with bitstream "C:/Users/bing/temp/vivado_test/qemu/project_qemu/project_qemu.sdk/design_1_wrapper_hw_platform_0/design_1_wrapper.bit"
19:00:12 INFO  : ps7_init is completed.
19:00:12 INFO  : ps7_post_config is completed.
19:00:13 INFO  : Processor reset is completed for ps7_cortexa9_0
19:03:07 INFO  : Connected to target on host '127.0.0.1' and port '3121'.
19:03:08 INFO  : 'targets -set -filter {jtag_cable_name =~ "Xilinx PYNQ-Z1 003017A6DB98A" && level==0} -index 1' command is executed.
19:03:10 INFO  : FPGA configured successfully with bitstream "C:/Users/bing/temp/vivado_test/qemu/project_qemu/project_qemu.sdk/design_1_wrapper_hw_platform_0/design_1_wrapper.bit"
19:03:26 INFO  : ps7_init is completed.
19:03:26 INFO  : ps7_post_config is completed.
19:03:26 INFO  : Processor reset is completed for ps7_cortexa9_0
19:07:00 INFO  : Connected to target on host '127.0.0.1' and port '3121'.
19:07:00 INFO  : 'targets -set -filter {jtag_cable_name =~ "Xilinx PYNQ-Z1 003017A6DB98A" && level==0} -index 1' command is executed.
19:07:03 INFO  : FPGA configured successfully with bitstream "C:/Users/bing/temp/vivado_test/qemu/project_qemu/project_qemu.sdk/design_1_wrapper_hw_platform_0/design_1_wrapper.bit"
19:07:18 INFO  : ps7_init is completed.
19:07:18 INFO  : ps7_post_config is completed.
19:07:18 INFO  : Processor reset is completed for ps7_cortexa9_0
19:13:23 INFO  : Connected to target on host '127.0.0.1' and port '3121'.
19:13:24 INFO  : 'targets -set -filter {jtag_cable_name =~ "Xilinx PYNQ-Z1 003017A6DB98A" && level==0} -index 1' command is executed.
19:13:27 INFO  : FPGA configured successfully with bitstream "C:/Users/bing/temp/vivado_test/qemu/project_qemu/project_qemu.sdk/design_1_wrapper_hw_platform_0/design_1_wrapper.bit"
19:13:41 INFO  : ps7_init is completed.
19:13:41 INFO  : ps7_post_config is completed.
19:13:41 INFO  : Processor reset is completed for ps7_cortexa9_0
19:15:40 ERROR : Unexpected error while parsing XMD response ?: com.google.gson.JsonSyntaxException: com.google.gson.stream.MalformedJsonException: invalid number or unquoted string near 
19:17:37 INFO  : Launching XSDB server: xsdb.bat -interactive C:\Users\bing\temp\vivado_test\qemu\project_qemu\project_qemu.sdk\temp_xsdb_launch_script.tcl
19:17:39 INFO  : XSDB server has started successfully.
19:17:47 INFO  : Connected to target on host '127.0.0.1' and port '3121'.
19:17:57 INFO  : 'targets -set -filter {jtag_cable_name =~ "Xilinx PYNQ-Z1 003017A6DB98A" && level==0} -index 1' command is executed.
19:18:02 INFO  : FPGA configured successfully with bitstream "C:/Users/bing/temp/vivado_test/qemu/project_qemu/project_qemu.sdk/design_1_wrapper_hw_platform_0/design_1_wrapper.bit"
19:18:19 INFO  : ps7_init is completed.
19:18:19 INFO  : ps7_post_config is completed.
19:18:20 INFO  : Processor reset is completed for ps7_cortexa9_0
19:20:04 INFO  : Connected to target on host '127.0.0.1' and port '3121'.
19:20:06 INFO  : 'targets -set -filter {jtag_cable_name =~ "Xilinx PYNQ-Z1 003017A6DB98A" && level==0} -index 1' command is executed.
19:20:09 INFO  : FPGA configured successfully with bitstream "C:/Users/bing/temp/vivado_test/qemu/project_qemu/project_qemu.sdk/design_1_wrapper_hw_platform_0/design_1_wrapper.bit"
19:21:28 INFO  : ps7_init is completed.
19:21:28 INFO  : ps7_post_config is completed.
19:21:29 INFO  : Processor reset is completed for ps7_cortexa9_0
19:24:50 INFO  : Connected to target on host '127.0.0.1' and port '3121'.
19:24:50 INFO  : 'targets -set -filter {jtag_cable_name =~ "Xilinx PYNQ-Z1 003017A6DB98A" && level==0} -index 1' command is executed.
19:24:54 INFO  : FPGA configured successfully with bitstream "C:/Users/bing/temp/vivado_test/qemu/project_qemu/project_qemu.sdk/design_1_wrapper_hw_platform_0/design_1_wrapper.bit"
19:25:07 INFO  : ps7_init is completed.
19:25:07 INFO  : ps7_post_config is completed.
19:25:07 INFO  : Processor reset is completed for ps7_cortexa9_0
19:36:26 INFO  : Connected to target on host '127.0.0.1' and port '3121'.
19:36:26 INFO  : 'targets -set -filter {jtag_cable_name =~ "Xilinx PYNQ-Z1 003017A6DB98A" && level==0} -index 1' command is executed.
19:36:30 INFO  : FPGA configured successfully with bitstream "C:/Users/bing/temp/vivado_test/qemu/project_qemu/project_qemu.sdk/design_1_wrapper_hw_platform_0/design_1_wrapper.bit"
19:36:43 INFO  : ps7_init is completed.
19:36:43 INFO  : ps7_post_config is completed.
19:36:43 INFO  : Processor reset is completed for ps7_cortexa9_0
19:41:24 INFO  : Connected to target on host '127.0.0.1' and port '3121'.
19:41:24 INFO  : 'targets -set -filter {jtag_cable_name =~ "Xilinx PYNQ-Z1 003017A6DB98A" && level==0} -index 1' command is executed.
19:41:27 INFO  : FPGA configured successfully with bitstream "C:/Users/bing/temp/vivado_test/qemu/project_qemu/project_qemu.sdk/design_1_wrapper_hw_platform_0/design_1_wrapper.bit"
19:41:48 INFO  : ps7_init is completed.
19:41:48 INFO  : ps7_post_config is completed.
19:41:48 INFO  : Processor reset is completed for ps7_cortexa9_0
20:42:32 INFO  : Connected to target on host '127.0.0.1' and port '3121'.
20:42:33 INFO  : 'targets -set -filter {jtag_cable_name =~ "Xilinx PYNQ-Z1 003017A6DB98A" && level==0} -index 1' command is executed.
20:42:36 INFO  : FPGA configured successfully with bitstream "C:/Users/bing/temp/vivado_test/qemu/project_qemu/project_qemu.sdk/design_1_wrapper_hw_platform_0/design_1_wrapper.bit"
20:43:09 INFO  : ps7_init is completed.
20:43:09 INFO  : ps7_post_config is completed.
20:43:09 INFO  : Processor reset is completed for ps7_cortexa9_0
21:06:21 INFO  : Connected to target on host '127.0.0.1' and port '3121'.
21:06:21 INFO  : 'targets -set -filter {jtag_cable_name =~ "Xilinx PYNQ-Z1 003017A6DB98A" && level==0} -index 1' command is executed.
21:06:24 INFO  : FPGA configured successfully with bitstream "C:/Users/bing/temp/vivado_test/qemu/project_qemu/project_qemu.sdk/design_1_wrapper_hw_platform_0/design_1_wrapper.bit"
21:06:36 INFO  : ps7_init is completed.
21:06:36 INFO  : ps7_post_config is completed.
21:06:36 INFO  : Processor reset is completed for ps7_cortexa9_0
21:10:46 INFO  : Connected to target on host '127.0.0.1' and port '3121'.
21:11:02 INFO  : Connected to target on host '127.0.0.1' and port '3121'.
21:11:22 ERROR : Unexpected error while parsing XMD response ?: com.google.gson.JsonSyntaxException: com.google.gson.stream.MalformedJsonException: invalid number or unquoted string near 
21:12:00 INFO  : Launching XSDB server: xsdb.bat -interactive C:\Users\bing\temp\vivado_test\qemu\project_qemu\project_qemu.sdk\temp_xsdb_launch_script.tcl
21:12:02 INFO  : XSDB server has started successfully.
21:12:17 INFO  : Connected to target on host '127.0.0.1' and port '3121'.
21:12:19 INFO  : 'targets -set -filter {jtag_cable_name =~ "Xilinx PYNQ-Z1 003017A6DB98A" && level==0} -index 1' command is executed.
21:12:22 INFO  : FPGA configured successfully with bitstream "C:/Users/bing/temp/vivado_test/qemu/project_qemu/project_qemu.sdk/design_1_wrapper_hw_platform_0/design_1_wrapper.bit"
21:12:39 INFO  : ps7_init is completed.
21:12:39 INFO  : ps7_post_config is completed.
21:12:39 INFO  : Processor reset is completed for ps7_cortexa9_0
21:14:16 INFO  : Connected to target on host '127.0.0.1' and port '3121'.
21:14:17 INFO  : 'targets -set -filter {jtag_cable_name =~ "Xilinx PYNQ-Z1 003017A6DB98A" && level==0} -index 1' command is executed.
21:14:20 INFO  : FPGA configured successfully with bitstream "C:/Users/bing/temp/vivado_test/qemu/project_qemu/project_qemu.sdk/design_1_wrapper_hw_platform_0/design_1_wrapper.bit"
21:14:34 INFO  : ps7_init is completed.
21:14:34 INFO  : ps7_post_config is completed.
21:14:34 INFO  : Processor reset is completed for ps7_cortexa9_0
21:29:21 INFO  : Connected to target on host '127.0.0.1' and port '3121'.
21:29:22 INFO  : 'targets -set -filter {jtag_cable_name =~ "Xilinx PYNQ-Z1 003017A6DB98A" && level==0} -index 1' command is executed.
21:29:25 INFO  : FPGA configured successfully with bitstream "C:/Users/bing/temp/vivado_test/qemu/project_qemu/project_qemu.sdk/design_1_wrapper_hw_platform_0/design_1_wrapper.bit"
21:47:19 INFO  : ps7_init is completed.
21:47:19 INFO  : ps7_post_config is completed.
21:47:19 INFO  : Processor reset is completed for ps7_cortexa9_0
21:52:49 INFO  : Connected to target on host '127.0.0.1' and port '3121'.
21:52:50 INFO  : 'targets -set -filter {jtag_cable_name =~ "Xilinx PYNQ-Z1 003017A6DB98A" && level==0} -index 1' command is executed.
21:52:52 INFO  : FPGA configured successfully with bitstream "C:/Users/bing/temp/vivado_test/qemu/project_qemu/project_qemu.sdk/design_1_wrapper_hw_platform_0/design_1_wrapper.bit"
21:53:28 INFO  : ps7_init is completed.
21:53:28 INFO  : ps7_post_config is completed.
21:53:29 INFO  : Processor reset is completed for ps7_cortexa9_0
22:06:48 ERROR : Unexpected error while parsing XMD response ?: com.google.gson.JsonSyntaxException: com.google.gson.stream.MalformedJsonException: invalid number or unquoted string near 
18:41:53 INFO  : Launching XSDB server: xsdb.bat -interactive C:\Users\bing\temp\vivado_test\qemu\project_qemu\project_qemu.sdk\temp_xsdb_launch_script.tcl
18:41:55 INFO  : XSDB server has started successfully.
18:42:12 INFO  : Connected to target on host '127.0.0.1' and port '3121'.
18:42:13 INFO  : 'targets -set -filter {jtag_cable_name =~ "Xilinx PYNQ-Z1 003017A6DB98A" && level==0} -index 1' command is executed.
18:42:18 INFO  : FPGA configured successfully with bitstream "C:/Users/bing/temp/vivado_test/qemu/project_qemu/project_qemu.sdk/design_1_wrapper_hw_platform_0/design_1_wrapper.bit"
18:43:24 INFO  : ps7_init is completed.
18:43:24 INFO  : ps7_post_config is completed.
18:43:25 INFO  : Processor reset is completed for ps7_cortexa9_0
18:45:36 INFO  : Connected to target on host '127.0.0.1' and port '3121'.
18:45:36 INFO  : 'targets -set -filter {jtag_cable_name =~ "Xilinx PYNQ-Z1 003017A6DB98A" && level==0} -index 1' command is executed.
18:45:39 INFO  : FPGA configured successfully with bitstream "C:/Users/bing/temp/vivado_test/qemu/project_qemu/project_qemu.sdk/design_1_wrapper_hw_platform_0/design_1_wrapper.bit"
18:45:52 INFO  : ps7_init is completed.
18:45:52 INFO  : ps7_post_config is completed.
18:45:52 INFO  : Processor reset is completed for ps7_cortexa9_0
18:49:38 INFO  : Connected to target on host '127.0.0.1' and port '3121'.
18:49:38 INFO  : 'targets -set -filter {jtag_cable_name =~ "Xilinx PYNQ-Z1 003017A6DB98A" && level==0} -index 1' command is executed.
18:49:41 INFO  : FPGA configured successfully with bitstream "C:/Users/bing/temp/vivado_test/qemu/project_qemu/project_qemu.sdk/design_1_wrapper_hw_platform_0/design_1_wrapper.bit"
18:49:54 INFO  : ps7_init is completed.
18:49:54 INFO  : ps7_post_config is completed.
18:49:55 INFO  : Processor reset is completed for ps7_cortexa9_0
18:52:21 INFO  : Connected to target on host '127.0.0.1' and port '3121'.
18:52:21 INFO  : 'targets -set -filter {jtag_cable_name =~ "Xilinx PYNQ-Z1 003017A6DB98A" && level==0} -index 1' command is executed.
18:52:24 INFO  : FPGA configured successfully with bitstream "C:/Users/bing/temp/vivado_test/qemu/project_qemu/project_qemu.sdk/design_1_wrapper_hw_platform_0/design_1_wrapper.bit"
18:52:36 INFO  : ps7_init is completed.
18:52:36 INFO  : ps7_post_config is completed.
18:52:36 INFO  : Processor reset is completed for ps7_cortexa9_0
18:58:31 INFO  : Connected to target on host '127.0.0.1' and port '3121'.
18:58:31 INFO  : 'targets -set -filter {jtag_cable_name =~ "Xilinx PYNQ-Z1 003017A6DB98A" && level==0} -index 1' command is executed.
18:58:34 INFO  : FPGA configured successfully with bitstream "C:/Users/bing/temp/vivado_test/qemu/project_qemu/project_qemu.sdk/design_1_wrapper_hw_platform_0/design_1_wrapper.bit"
18:58:55 INFO  : ps7_init is completed.
18:58:55 INFO  : ps7_post_config is completed.
18:58:55 INFO  : Processor reset is completed for ps7_cortexa9_0
19:00:21 INFO  : Connected to target on host '127.0.0.1' and port '3121'.
19:00:21 INFO  : 'targets -set -filter {jtag_cable_name =~ "Xilinx PYNQ-Z1 003017A6DB98A" && level==0} -index 1' command is executed.
19:00:24 INFO  : FPGA configured successfully with bitstream "C:/Users/bing/temp/vivado_test/qemu/project_qemu/project_qemu.sdk/design_1_wrapper_hw_platform_0/design_1_wrapper.bit"
19:00:36 INFO  : ps7_init is completed.
19:00:36 INFO  : ps7_post_config is completed.
19:00:37 INFO  : Processor reset is completed for ps7_cortexa9_0
19:04:42 INFO  : Connected to target on host '127.0.0.1' and port '3121'.
19:05:00 ERROR : Unexpected error while parsing XMD response ?: com.google.gson.JsonSyntaxException: com.google.gson.stream.MalformedJsonException: invalid number or unquoted string near 
19:06:57 INFO  : Launching XSDB server: xsdb.bat -interactive C:\Users\bing\temp\vivado_test\qemu\project_qemu\project_qemu.sdk\temp_xsdb_launch_script.tcl
19:06:59 INFO  : XSDB server has started successfully.
19:07:31 INFO  : Connected to target on host '127.0.0.1' and port '3121'.
19:07:33 INFO  : 'targets -set -filter {jtag_cable_name =~ "Xilinx PYNQ-Z1 003017A6DB98A" && level==0} -index 1' command is executed.
19:07:35 INFO  : FPGA configured successfully with bitstream "C:/Users/bing/temp/vivado_test/qemu/project_qemu/project_qemu.sdk/design_1_wrapper_hw_platform_0/design_1_wrapper.bit"
19:07:51 INFO  : ps7_init is completed.
19:07:52 INFO  : ps7_post_config is completed.
19:07:52 INFO  : Processor reset is completed for ps7_cortexa9_0
19:09:27 INFO  : Connected to target on host '127.0.0.1' and port '3121'.
19:09:27 INFO  : 'targets -set -filter {jtag_cable_name =~ "Xilinx PYNQ-Z1 003017A6DB98A" && level==0} -index 1' command is executed.
19:09:30 INFO  : FPGA configured successfully with bitstream "C:/Users/bing/temp/vivado_test/qemu/project_qemu/project_qemu.sdk/design_1_wrapper_hw_platform_0/design_1_wrapper.bit"
19:09:48 INFO  : ps7_init is completed.
19:09:48 INFO  : ps7_post_config is completed.
19:09:48 INFO  : Processor reset is completed for ps7_cortexa9_0
19:12:58 INFO  : Connected to target on host '127.0.0.1' and port '3121'.
19:12:59 INFO  : 'targets -set -filter {jtag_cable_name =~ "Xilinx PYNQ-Z1 003017A6DB98A" && level==0} -index 1' command is executed.
19:13:01 INFO  : FPGA configured successfully with bitstream "C:/Users/bing/temp/vivado_test/qemu/project_qemu/project_qemu.sdk/design_1_wrapper_hw_platform_0/design_1_wrapper.bit"
19:13:17 INFO  : ps7_init is completed.
19:13:17 INFO  : ps7_post_config is completed.
19:13:18 INFO  : Processor reset is completed for ps7_cortexa9_0
19:15:06 INFO  : Connected to target on host '127.0.0.1' and port '3121'.
19:15:06 INFO  : 'targets -set -filter {jtag_cable_name =~ "Xilinx PYNQ-Z1 003017A6DB98A" && level==0} -index 1' command is executed.
19:15:09 INFO  : FPGA configured successfully with bitstream "C:/Users/bing/temp/vivado_test/qemu/project_qemu/project_qemu.sdk/design_1_wrapper_hw_platform_0/design_1_wrapper.bit"
19:15:21 INFO  : ps7_init is completed.
19:15:21 INFO  : ps7_post_config is completed.
19:15:21 INFO  : Processor reset is completed for ps7_cortexa9_0
19:17:09 INFO  : Connected to target on host '127.0.0.1' and port '3121'.
19:17:10 INFO  : 'targets -set -filter {jtag_cable_name =~ "Xilinx PYNQ-Z1 003017A6DB98A" && level==0} -index 1' command is executed.
19:17:13 INFO  : FPGA configured successfully with bitstream "C:/Users/bing/temp/vivado_test/qemu/project_qemu/project_qemu.sdk/design_1_wrapper_hw_platform_0/design_1_wrapper.bit"
19:17:26 INFO  : ps7_init is completed.
19:17:26 INFO  : ps7_post_config is completed.
19:17:26 INFO  : Processor reset is completed for ps7_cortexa9_0
19:18:35 INFO  : Connected to target on host '127.0.0.1' and port '3121'.
19:18:35 INFO  : 'targets -set -filter {jtag_cable_name =~ "Xilinx PYNQ-Z1 003017A6DB98A" && level==0} -index 1' command is executed.
19:18:38 INFO  : FPGA configured successfully with bitstream "C:/Users/bing/temp/vivado_test/qemu/project_qemu/project_qemu.sdk/design_1_wrapper_hw_platform_0/design_1_wrapper.bit"
19:18:51 INFO  : ps7_init is completed.
19:18:51 INFO  : ps7_post_config is completed.
19:18:51 INFO  : Processor reset is completed for ps7_cortexa9_0
19:20:31 ERROR : Unexpected error while parsing XMD response ?: com.google.gson.JsonSyntaxException: com.google.gson.stream.MalformedJsonException: invalid number or unquoted string near 
19:23:13 INFO  : Launching XSDB server: xsdb.bat -interactive C:\Users\bing\temp\vivado_test\qemu\project_qemu\project_qemu.sdk\temp_xsdb_launch_script.tcl
19:23:15 INFO  : XSDB server has started successfully.
19:23:24 INFO  : Connected to target on host '127.0.0.1' and port '3121'.
19:23:25 INFO  : 'targets -set -filter {jtag_cable_name =~ "Xilinx PYNQ-Z1 003017A6DB98A" && level==0} -index 1' command is executed.
19:23:28 INFO  : FPGA configured successfully with bitstream "C:/Users/bing/temp/vivado_test/qemu/project_qemu/project_qemu.sdk/design_1_wrapper_hw_platform_0/design_1_wrapper.bit"
19:23:45 INFO  : ps7_init is completed.
19:23:45 INFO  : ps7_post_config is completed.
19:23:46 INFO  : Processor reset is completed for ps7_cortexa9_0
19:25:14 INFO  : Connected to target on host '127.0.0.1' and port '3121'.
19:25:15 INFO  : 'targets -set -filter {jtag_cable_name =~ "Xilinx PYNQ-Z1 003017A6DB98A" && level==0} -index 1' command is executed.
19:25:18 INFO  : FPGA configured successfully with bitstream "C:/Users/bing/temp/vivado_test/qemu/project_qemu/project_qemu.sdk/design_1_wrapper_hw_platform_0/design_1_wrapper.bit"
19:25:39 INFO  : ps7_init is completed.
19:25:39 INFO  : ps7_post_config is completed.
19:25:39 INFO  : Processor reset is completed for ps7_cortexa9_0
19:27:48 INFO  : Connected to target on host '127.0.0.1' and port '3121'.
19:28:03 INFO  : Connected to target on host '127.0.0.1' and port '3121'.
19:28:04 INFO  : 'targets -set -filter {jtag_cable_name =~ "Xilinx PYNQ-Z1 003017A6DB98A" && level==0} -index 1' command is executed.
19:28:08 INFO  : FPGA configured successfully with bitstream "C:/Users/bing/temp/vivado_test/qemu/project_qemu/project_qemu.sdk/design_1_wrapper_hw_platform_0/design_1_wrapper.bit"
19:28:21 INFO  : ps7_init is completed.
19:28:21 INFO  : ps7_post_config is completed.
19:28:21 INFO  : Processor reset is completed for ps7_cortexa9_0
19:29:40 INFO  : Connected to target on host '127.0.0.1' and port '3121'.
19:29:41 INFO  : 'targets -set -filter {jtag_cable_name =~ "Xilinx PYNQ-Z1 003017A6DB98A" && level==0} -index 1' command is executed.
19:29:43 INFO  : FPGA configured successfully with bitstream "C:/Users/bing/temp/vivado_test/qemu/project_qemu/project_qemu.sdk/design_1_wrapper_hw_platform_0/design_1_wrapper.bit"
19:29:56 INFO  : ps7_init is completed.
19:29:56 INFO  : ps7_post_config is completed.
19:29:56 INFO  : Processor reset is completed for ps7_cortexa9_0
19:50:46 ERROR : Unexpected error while parsing XMD response ?: com.google.gson.JsonSyntaxException: com.google.gson.stream.MalformedJsonException: invalid number or unquoted string near 
20:08:07 INFO  : Launching XSDB server: xsdb.bat -interactive C:\Users\bing\temp\vivado_test\qemu\project_qemu\project_qemu.sdk\temp_xsdb_launch_script.tcl
20:08:09 INFO  : XSDB server has started successfully.
20:08:15 INFO  : Connected to target on host '127.0.0.1' and port '3121'.
20:08:16 INFO  : 'targets -set -filter {jtag_cable_name =~ "Xilinx PYNQ-Z1 003017A6DB98A" && level==0} -index 1' command is executed.
20:08:19 INFO  : FPGA configured successfully with bitstream "C:/Users/bing/temp/vivado_test/qemu/project_qemu/project_qemu.sdk/design_1_wrapper_hw_platform_0/design_1_wrapper.bit"
20:08:38 INFO  : ps7_init is completed.
20:08:39 INFO  : ps7_post_config is completed.
20:08:39 INFO  : Processor reset is completed for ps7_cortexa9_0
20:10:35 INFO  : Connected to target on host '127.0.0.1' and port '3121'.
20:10:36 INFO  : 'targets -set -filter {jtag_cable_name =~ "Xilinx PYNQ-Z1 003017A6DB98A" && level==0} -index 1' command is executed.
20:10:39 INFO  : FPGA configured successfully with bitstream "C:/Users/bing/temp/vivado_test/qemu/project_qemu/project_qemu.sdk/design_1_wrapper_hw_platform_0/design_1_wrapper.bit"
20:10:55 INFO  : ps7_init is completed.
20:10:55 INFO  : ps7_post_config is completed.
20:10:55 INFO  : Processor reset is completed for ps7_cortexa9_0
20:13:09 INFO  : Connected to target on host '127.0.0.1' and port '3121'.
20:13:10 INFO  : 'targets -set -filter {jtag_cable_name =~ "Xilinx PYNQ-Z1 003017A6DB98A" && level==0} -index 1' command is executed.
20:13:13 INFO  : FPGA configured successfully with bitstream "C:/Users/bing/temp/vivado_test/qemu/project_qemu/project_qemu.sdk/design_1_wrapper_hw_platform_0/design_1_wrapper.bit"
20:13:24 INFO  : ps7_init is completed.
20:13:24 INFO  : ps7_post_config is completed.
20:13:24 INFO  : Processor reset is completed for ps7_cortexa9_0
20:14:47 INFO  : Connected to target on host '127.0.0.1' and port '3121'.
20:14:47 INFO  : 'targets -set -filter {jtag_cable_name =~ "Xilinx PYNQ-Z1 003017A6DB98A" && level==0} -index 1' command is executed.
20:14:52 INFO  : FPGA configured successfully with bitstream "C:/Users/bing/temp/vivado_test/qemu/project_qemu/project_qemu.sdk/design_1_wrapper_hw_platform_0/design_1_wrapper.bit"
20:15:03 INFO  : ps7_init is completed.
20:15:03 INFO  : ps7_post_config is completed.
20:15:03 INFO  : Processor reset is completed for ps7_cortexa9_0
20:20:30 INFO  : Connected to target on host '127.0.0.1' and port '3121'.
20:20:48 INFO  : Connected to target on host '127.0.0.1' and port '3121'.
20:20:50 INFO  : 'targets -set -filter {jtag_cable_name =~ "Xilinx PYNQ-Z1 003017A6DB98A" && level==0} -index 1' command is executed.
20:20:53 INFO  : FPGA configured successfully with bitstream "C:/Users/bing/temp/vivado_test/qemu/project_qemu/project_qemu.sdk/design_1_wrapper_hw_platform_0/design_1_wrapper.bit"
20:21:04 INFO  : ps7_init is completed.
20:21:04 INFO  : ps7_post_config is completed.
20:21:04 INFO  : Processor reset is completed for ps7_cortexa9_0
20:21:59 INFO  : Connected to target on host '127.0.0.1' and port '3121'.
20:23:10 ERROR : Unexpected error while parsing XMD response ?: com.google.gson.JsonSyntaxException: com.google.gson.stream.MalformedJsonException: invalid number or unquoted string near 
